<?xml version="1.0" encoding="UTF-8"?>
<testng-results ignored="0" total="3" passed="3" failed="0" skipped="0">
  <reporter-output>
  </reporter-output>
  <suite started-at="2022-05-31T11:17:29 CDT" name="Default suite" finished-at="2022-05-31T11:17:29 CDT" duration-ms="163">
    <groups>
    </groups>
    <test started-at="2022-05-31T11:17:29 CDT" name="Default test" finished-at="2022-05-31T11:17:29 CDT" duration-ms="163">
      <class name="com.test.TestNgBasics">
        <test-method is-config="true" signature="setUp()[pri:0, instance:com.test.TestNgBasics@6cf0e0ba]" started-at="2022-05-31T11:17:29 CDT" name="setUp" finished-at="2022-05-31T11:17:29 CDT" duration-ms="17" status="PASS">
          <reporter-output>
          </reporter-output>
        </test-method> <!-- setUp -->
        <test-method is-config="true" signature="launchBrowser()[pri:0, instance:com.test.TestNgBasics@6cf0e0ba]" started-at="2022-05-31T11:17:29 CDT" name="launchBrowser" finished-at="2022-05-31T11:17:29 CDT" duration-ms="3" status="PASS">
          <reporter-output>
          </reporter-output>
        </test-method> <!-- launchBrowser -->
        <test-method is-config="true" signature="login()[pri:0, instance:com.test.TestNgBasics@6cf0e0ba]" started-at="2022-05-31T11:17:29 CDT" name="login" finished-at="2022-05-31T11:17:29 CDT" duration-ms="0" status="PASS">
          <reporter-output>
          </reporter-output>
        </test-method> <!-- login -->
        <test-method is-config="true" signature="enterURL()[pri:0, instance:com.test.TestNgBasics@6cf0e0ba]" started-at="2022-05-31T11:17:29 CDT" name="enterURL" finished-at="2022-05-31T11:17:29 CDT" duration-ms="1" status="PASS">
          <reporter-output>
          </reporter-output>
        </test-method> <!-- enterURL -->
        <test-method signature="googleLogoTest()[pri:0, instance:com.test.TestNgBasics@6cf0e0ba]" started-at="2022-05-31T11:17:29 CDT" name="googleLogoTest" finished-at="2022-05-31T11:17:29 CDT" duration-ms="23" status="PASS">
          <reporter-output>
          </reporter-output>
        </test-method> <!-- googleLogoTest -->
        <test-method is-config="true" signature="logout()[pri:0, instance:com.test.TestNgBasics@6cf0e0ba]" started-at="2022-05-31T11:17:29 CDT" name="logout" finished-at="2022-05-31T11:17:29 CDT" duration-ms="8" status="PASS">
          <reporter-output>
          </reporter-output>
        </test-method> <!-- logout -->
        <test-method is-config="true" signature="enterURL()[pri:0, instance:com.test.TestNgBasics@6cf0e0ba]" started-at="2022-05-31T11:17:29 CDT" name="enterURL" finished-at="2022-05-31T11:17:29 CDT" duration-ms="1" status="PASS">
          <reporter-output>
          </reporter-output>
        </test-method> <!-- enterURL -->
        <test-method signature="googleTitleTest()[pri:0, instance:com.test.TestNgBasics@6cf0e0ba]" started-at="2022-05-31T11:17:29 CDT" name="googleTitleTest" finished-at="2022-05-31T11:17:29 CDT" duration-ms="6" status="PASS">
          <reporter-output>
          </reporter-output>
        </test-method> <!-- googleTitleTest -->
        <test-method is-config="true" signature="logout()[pri:0, instance:com.test.TestNgBasics@6cf0e0ba]" started-at="2022-05-31T11:17:29 CDT" name="logout" finished-at="2022-05-31T11:17:29 CDT" duration-ms="7" status="PASS">
          <reporter-output>
          </reporter-output>
        </test-method> <!-- logout -->
        <test-method is-config="true" signature="enterURL()[pri:0, instance:com.test.TestNgBasics@6cf0e0ba]" started-at="2022-05-31T11:17:29 CDT" name="enterURL" finished-at="2022-05-31T11:17:29 CDT" duration-ms="1" status="PASS">
          <reporter-output>
          </reporter-output>
        </test-method> <!-- enterURL -->
        <test-method signature="searchTest()[pri:0, instance:com.test.TestNgBasics@6cf0e0ba]" started-at="2022-05-31T11:17:29 CDT" name="searchTest" finished-at="2022-05-31T11:17:29 CDT" duration-ms="5" status="PASS">
          <reporter-output>
          </reporter-output>
        </test-method> <!-- searchTest -->
        <test-method is-config="true" signature="logout()[pri:0, instance:com.test.TestNgBasics@6cf0e0ba]" started-at="2022-05-31T11:17:29 CDT" name="logout" finished-at="2022-05-31T11:17:29 CDT" duration-ms="6" status="PASS">
          <reporter-output>
          </reporter-output>
        </test-method> <!-- logout -->
        <test-method is-config="true" signature="closeBrowser()[pri:0, instance:com.test.TestNgBasics@6cf0e0ba]" started-at="2022-05-31T11:17:29 CDT" name="closeBrowser" finished-at="2022-05-31T11:17:29 CDT" duration-ms="1" status="PASS">
          <reporter-output>
          </reporter-output>
        </test-method> <!-- closeBrowser -->
        <test-method is-config="true" signature="deleteAllcookies()[pri:0, instance:com.test.TestNgBasics@6cf0e0ba]" started-at="2022-05-31T11:17:29 CDT" name="deleteAllcookies" finished-at="2022-05-31T11:17:29 CDT" duration-ms="1" status="PASS">
          <reporter-output>
          </reporter-output>
        </test-method> <!-- deleteAllcookies -->
      </class> <!-- com.test.TestNgBasics -->
    </test> <!-- Default test -->
  </suite> <!-- Default suite -->
</testng-results>
