<?xml version="1.0" encoding="UTF-8"?>
<!-- Generated by org.testng.reporters.JUnitXMLReporter -->
<testsuite ignored="0" hostname="LAPTOP-O73HPBRJ" failures="0" tests="3" name="Default test" time="0.163" errors="0" timestamp="2022-05-31T11:17:29 CDT">
  <testcase classname="com.test.TestNgBasics" name="googleLogoTest" time="0.023"/>
  <testcase classname="com.test.TestNgBasics" name="googleTitleTest" time="0.006"/>
  <testcase classname="com.test.TestNgBasics" name="searchTest" time="0.005"/>
</testsuite> <!-- Default test -->
